2025-10-21T13:39:59.381902Z  INFO tailwindcss_oxide::scanner: Provided sources:
2025-10-21T13:39:59.382307Z  INFO tailwindcss_oxide::scanner: Source: PublicSourceEntry { base: "/Users/maxwellcofie/WebstormProjects/knitted-web", pattern: "**/*", negated: false }
2025-10-21T13:39:59.382377Z  INFO tailwindcss_oxide::scanner: Optimized sources:
2025-10-21T13:39:59.382382Z  INFO tailwindcss_oxide::scanner: Source: Auto { base: "/Users/maxwellcofie/WebstormProjects/knitted-web" }
2025-10-21T13:39:59.384047Z  INFO scan_sources: tailwindcss_oxide::scanner: enter
2025-10-21T13:39:59.384988Z  INFO scan_sources: tailwindcss_oxide::scanner: Discovering "/Users/maxwellcofie/WebstormProjects/knitted-web/postcss.config.mjs"
2025-10-21T13:39:59.385090Z  INFO scan_sources: tailwindcss_oxide::scanner: Discovering "/Users/maxwellcofie/WebstormProjects/knitted-web/next-env.d.ts"
2025-10-21T13:39:59.385103Z  INFO scan_sources: tailwindcss_oxide::scanner: Discovering "/Users/maxwellcofie/WebstormProjects/knitted-web/README.md"
2025-10-21T13:39:59.385122Z  INFO scan_sources: tailwindcss_oxide::scanner: Discovering "/Users/maxwellcofie/WebstormProjects/knitted-web/public"
2025-10-21T13:39:59.385152Z  INFO scan_sources: tailwindcss_oxide::scanner: Discovering "/Users/maxwellcofie/WebstormProjects/knitted-web/public/file.svg"
2025-10-21T13:39:59.385165Z  INFO scan_sources: tailwindcss_oxide::scanner: Discovering "/Users/maxwellcofie/WebstormProjects/knitted-web/public/vercel.svg"
2025-10-21T13:39:59.385176Z  INFO scan_sources: tailwindcss_oxide::scanner: Discovering "/Users/maxwellcofie/WebstormProjects/knitted-web/public/manifest.json"
2025-10-21T13:39:59.385186Z  INFO scan_sources: tailwindcss_oxide::scanner: Discovering "/Users/maxwellcofie/WebstormProjects/knitted-web/public/next.svg"
2025-10-21T13:39:59.385195Z  INFO scan_sources: tailwindcss_oxide::scanner: Discovering "/Users/maxwellcofie/WebstormProjects/knitted-web/public/globe.svg"
2025-10-21T13:39:59.385203Z  INFO scan_sources: tailwindcss_oxide::scanner: Discovering "/Users/maxwellcofie/WebstormProjects/knitted-web/public/window.svg"
2025-10-21T13:39:59.385222Z  INFO scan_sources: tailwindcss_oxide::scanner: Discovering "/Users/maxwellcofie/WebstormProjects/knitted-web/package.json"
2025-10-21T13:39:59.385250Z  INFO scan_sources: tailwindcss_oxide::scanner: Discovering "/Users/maxwellcofie/WebstormProjects/knitted-web/components.json"
2025-10-21T13:39:59.385259Z  INFO scan_sources: tailwindcss_oxide::scanner: Discovering "/Users/maxwellcofie/WebstormProjects/knitted-web/tsconfig.json"
2025-10-21T13:39:59.385285Z  INFO scan_sources: tailwindcss_oxide::scanner: Discovering "/Users/maxwellcofie/WebstormProjects/knitted-web/eslint.config.mjs"
2025-10-21T13:39:59.385294Z  INFO scan_sources: tailwindcss_oxide::scanner: Discovering "/Users/maxwellcofie/WebstormProjects/knitted-web/next.config.ts"
2025-10-21T13:39:59.386289Z  INFO scan_sources: tailwindcss_oxide::scanner: Discovering "/Users/maxwellcofie/WebstormProjects/knitted-web/src"
2025-10-21T13:39:59.386332Z  INFO scan_sources: tailwindcss_oxide::scanner: Discovering "/Users/maxwellcofie/WebstormProjects/knitted-web/src/app"
2025-10-21T13:39:59.386375Z  INFO scan_sources: tailwindcss_oxide::scanner: Discovering "/Users/maxwellcofie/WebstormProjects/knitted-web/src/app/track"
2025-10-21T13:39:59.386408Z  INFO scan_sources: tailwindcss_oxide::scanner: Discovering "/Users/maxwellcofie/WebstormProjects/knitted-web/src/app/track/[token]"
2025-10-21T13:39:59.386435Z  INFO scan_sources: tailwindcss_oxide::scanner: Discovering "/Users/maxwellcofie/WebstormProjects/knitted-web/src/app/track/[token]/page.tsx"
2025-10-21T13:39:59.386455Z  INFO scan_sources: tailwindcss_oxide::scanner: Discovering "/Users/maxwellcofie/WebstormProjects/knitted-web/src/app/track/[token]/ics"
2025-10-21T13:39:59.386477Z  INFO scan_sources: tailwindcss_oxide::scanner: Discovering "/Users/maxwellcofie/WebstormProjects/knitted-web/src/app/track/[token]/ics/route.ts"
2025-10-21T13:39:59.386499Z  INFO scan_sources: tailwindcss_oxide::scanner: Discovering "/Users/maxwellcofie/WebstormProjects/knitted-web/src/app/(app)"
2025-10-21T13:39:59.386538Z  INFO scan_sources: tailwindcss_oxide::scanner: Discovering "/Users/maxwellcofie/WebstormProjects/knitted-web/src/app/(app)/clients"
2025-10-21T13:39:59.386560Z  INFO scan_sources: tailwindcss_oxide::scanner: Discovering "/Users/maxwellcofie/WebstormProjects/knitted-web/src/app/(app)/clients/ClientsPageActions.tsx"
2025-10-21T13:39:59.386578Z  INFO scan_sources: tailwindcss_oxide::scanner: Discovering "/Users/maxwellcofie/WebstormProjects/knitted-web/src/app/(app)/clients/[id]"
2025-10-21T13:39:59.386597Z  INFO scan_sources: tailwindcss_oxide::scanner: Discovering "/Users/maxwellcofie/WebstormProjects/knitted-web/src/app/(app)/clients/[id]/measurement-dialog.tsx"
2025-10-21T13:39:59.386606Z  INFO scan_sources: tailwindcss_oxide::scanner: Discovering "/Users/maxwellcofie/WebstormProjects/knitted-web/src/app/(app)/clients/[id]/measurements.tsx"
2025-10-21T13:39:59.386615Z  INFO scan_sources: tailwindcss_oxide::scanner: Discovering "/Users/maxwellcofie/WebstormProjects/knitted-web/src/app/(app)/clients/[id]/create-messurement-button.tsx"
2025-10-21T13:39:59.386624Z  INFO scan_sources: tailwindcss_oxide::scanner: Discovering "/Users/maxwellcofie/WebstormProjects/knitted-web/src/app/(app)/clients/[id]/client-actions.tsx"
2025-10-21T13:39:59.386632Z  INFO scan_sources: tailwindcss_oxide::scanner: Discovering "/Users/maxwellcofie/WebstormProjects/knitted-web/src/app/(app)/clients/[id]/page.tsx"
2025-10-21T13:39:59.386642Z  INFO scan_sources: tailwindcss_oxide::scanner: Discovering "/Users/maxwellcofie/WebstormProjects/knitted-web/src/app/(app)/clients/pager.tsx"
2025-10-21T13:39:59.386649Z  INFO scan_sources: tailwindcss_oxide::scanner: Discovering "/Users/maxwellcofie/WebstormProjects/knitted-web/src/app/(app)/clients/page.tsx"
2025-10-21T13:39:59.386666Z  INFO scan_sources: tailwindcss_oxide::scanner: Discovering "/Users/maxwellcofie/WebstormProjects/knitted-web/src/app/(app)/settings"
2025-10-21T13:39:59.386684Z  INFO scan_sources: tailwindcss_oxide::scanner: Discovering "/Users/maxwellcofie/WebstormProjects/knitted-web/src/app/(app)/settings/page.tsx"
2025-10-21T13:39:59.386702Z  INFO scan_sources: tailwindcss_oxide::scanner: Discovering "/Users/maxwellcofie/WebstormProjects/knitted-web/src/app/(app)/dashboard"
2025-10-21T13:39:59.386717Z  INFO scan_sources: tailwindcss_oxide::scanner: Discovering "/Users/maxwellcofie/WebstormProjects/knitted-web/src/app/(app)/dashboard/page.tsx"
2025-10-21T13:39:59.386727Z  INFO scan_sources: tailwindcss_oxide::scanner: Discovering "/Users/maxwellcofie/WebstormProjects/knitted-web/src/app/(app)/layout.tsx"
2025-10-21T13:39:59.386744Z  INFO scan_sources: tailwindcss_oxide::scanner: Discovering "/Users/maxwellcofie/WebstormProjects/knitted-web/src/app/(app)/orders"
2025-10-21T13:39:59.386769Z  INFO scan_sources: tailwindcss_oxide::scanner: Discovering "/Users/maxwellcofie/WebstormProjects/knitted-web/src/app/(app)/orders/[id]"
2025-10-21T13:39:59.387028Z  INFO scan_sources: tailwindcss_oxide::scanner: Discovering "/Users/maxwellcofie/WebstormProjects/knitted-web/src/app/(app)/orders/[id]/share-button.tsx"
2025-10-21T13:39:59.387047Z  INFO scan_sources: tailwindcss_oxide::scanner: Discovering "/Users/maxwellcofie/WebstormProjects/knitted-web/src/app/(app)/orders/[id]/items.tsx"
2025-10-21T13:39:59.387058Z  INFO scan_sources: tailwindcss_oxide::scanner: Discovering "/Users/maxwellcofie/WebstormProjects/knitted-web/src/app/(app)/orders/[id]/attachments.tsx"
2025-10-21T13:39:59.387069Z  INFO scan_sources: tailwindcss_oxide::scanner: Discovering "/Users/maxwellcofie/WebstormProjects/knitted-web/src/app/(app)/orders/[id]/payments.tsx"
2025-10-21T13:39:59.387078Z  INFO scan_sources: tailwindcss_oxide::scanner: Discovering "/Users/maxwellcofie/WebstormProjects/knitted-web/src/app/(app)/orders/[id]/ready-at-picker.tsx"
2025-10-21T13:39:59.387087Z  INFO scan_sources: tailwindcss_oxide::scanner: Discovering "/Users/maxwellcofie/WebstormProjects/knitted-web/src/app/(app)/orders/[id]/status-select.tsx"
2025-10-21T13:39:59.387096Z  INFO scan_sources: tailwindcss_oxide::scanner: Discovering "/Users/maxwellcofie/WebstormProjects/knitted-web/src/app/(app)/orders/[id]/page.tsx"
2025-10-21T13:39:59.387110Z  INFO scan_sources: tailwindcss_oxide::scanner: Discovering "/Users/maxwellcofie/WebstormProjects/knitted-web/src/app/(app)/orders/[id]/item-dialog.tsx"
2025-10-21T13:39:59.387120Z  INFO scan_sources: tailwindcss_oxide::scanner: Discovering "/Users/maxwellcofie/WebstormProjects/knitted-web/src/app/(app)/orders/pager.tsx"
2025-10-21T13:39:59.387138Z  INFO scan_sources: tailwindcss_oxide::scanner: Discovering "/Users/maxwellcofie/WebstormProjects/knitted-web/src/app/(app)/orders/page.tsx"
2025-10-21T13:39:59.387160Z  INFO scan_sources: tailwindcss_oxide::scanner: Discovering "/Users/maxwellcofie/WebstormProjects/knitted-web/src/app/(app)/reports"
2025-10-21T13:39:59.387182Z  INFO scan_sources: tailwindcss_oxide::scanner: Discovering "/Users/maxwellcofie/WebstormProjects/knitted-web/src/app/(app)/reports/page.tsx"
2025-10-21T13:39:59.387191Z  INFO scan_sources: tailwindcss_oxide::scanner: Discovering "/Users/maxwellcofie/WebstormProjects/knitted-web/src/app/layout.tsx"
2025-10-21T13:39:59.387208Z  INFO scan_sources: tailwindcss_oxide::scanner: Discovering "/Users/maxwellcofie/WebstormProjects/knitted-web/src/app/(auth)"
2025-10-21T13:39:59.387235Z  INFO scan_sources: tailwindcss_oxide::scanner: Discovering "/Users/maxwellcofie/WebstormProjects/knitted-web/src/app/(auth)/signup"
2025-10-21T13:39:59.387254Z  INFO scan_sources: tailwindcss_oxide::scanner: Discovering "/Users/maxwellcofie/WebstormProjects/knitted-web/src/app/(auth)/signup/page.tsx"
2025-10-21T13:39:59.387271Z  INFO scan_sources: tailwindcss_oxide::scanner: Discovering "/Users/maxwellcofie/WebstormProjects/knitted-web/src/app/(auth)/login"
2025-10-21T13:39:59.387292Z  INFO scan_sources: tailwindcss_oxide::scanner: Discovering "/Users/maxwellcofie/WebstormProjects/knitted-web/src/app/(auth)/login/page.tsx"
2025-10-21T13:39:59.387302Z  INFO scan_sources: tailwindcss_oxide::scanner: Discovering "/Users/maxwellcofie/WebstormProjects/knitted-web/src/app/page.tsx"
2025-10-21T13:39:59.387310Z  INFO scan_sources: tailwindcss_oxide::scanner: Discovering "/Users/maxwellcofie/WebstormProjects/knitted-web/src/app/globals.css"
2025-10-21T13:39:59.387319Z  INFO scan_sources: tailwindcss_oxide::scanner: Discovering "/Users/maxwellcofie/WebstormProjects/knitted-web/src/app/providers.tsx"
2025-10-21T13:39:59.387388Z  INFO scan_sources: tailwindcss_oxide::scanner: Discovering "/Users/maxwellcofie/WebstormProjects/knitted-web/src/components"
2025-10-21T13:39:59.387546Z  INFO scan_sources: tailwindcss_oxide::scanner: Discovering "/Users/maxwellcofie/WebstormProjects/knitted-web/src/components/ui"
2025-10-21T13:39:59.387575Z  INFO scan_sources: tailwindcss_oxide::scanner: Discovering "/Users/maxwellcofie/WebstormProjects/knitted-web/src/components/ui/alert-dialog.tsx"
2025-10-21T13:39:59.387583Z  INFO scan_sources: tailwindcss_oxide::scanner: Discovering "/Users/maxwellcofie/WebstormProjects/knitted-web/src/components/ui/card.tsx"
2025-10-21T13:39:59.387591Z  INFO scan_sources: tailwindcss_oxide::scanner: Discovering "/Users/maxwellcofie/WebstormProjects/knitted-web/src/components/ui/popover.tsx"
2025-10-21T13:39:59.387598Z  INFO scan_sources: tailwindcss_oxide::scanner: Discovering "/Users/maxwellcofie/WebstormProjects/knitted-web/src/components/ui/page-loader.tsx"
2025-10-21T13:39:59.387606Z  INFO scan_sources: tailwindcss_oxide::scanner: Discovering "/Users/maxwellcofie/WebstormProjects/knitted-web/src/components/ui/label.tsx"
2025-10-21T13:39:59.387614Z  INFO scan_sources: tailwindcss_oxide::scanner: Discovering "/Users/maxwellcofie/WebstormProjects/knitted-web/src/components/ui/calendar.tsx"
2025-10-21T13:39:59.387621Z  INFO scan_sources: tailwindcss_oxide::scanner: Discovering "/Users/maxwellcofie/WebstormProjects/knitted-web/src/components/ui/avatar.tsx"
2025-10-21T13:39:59.387629Z  INFO scan_sources: tailwindcss_oxide::scanner: Discovering "/Users/maxwellcofie/WebstormProjects/knitted-web/src/components/ui/dialog.tsx"
2025-10-21T13:39:59.387642Z  INFO scan_sources: tailwindcss_oxide::scanner: Discovering "/Users/maxwellcofie/WebstormProjects/knitted-web/src/components/ui/badge.tsx"
2025-10-21T13:39:59.387649Z  INFO scan_sources: tailwindcss_oxide::scanner: Discovering "/Users/maxwellcofie/WebstormProjects/knitted-web/src/components/ui/table.tsx"
2025-10-21T13:39:59.387657Z  INFO scan_sources: tailwindcss_oxide::scanner: Discovering "/Users/maxwellcofie/WebstormProjects/knitted-web/src/components/ui/separator.tsx"
2025-10-21T13:39:59.387666Z  INFO scan_sources: tailwindcss_oxide::scanner: Discovering "/Users/maxwellcofie/WebstormProjects/knitted-web/src/components/ui/button.tsx"
2025-10-21T13:39:59.387677Z  INFO scan_sources: tailwindcss_oxide::scanner: Discovering "/Users/maxwellcofie/WebstormProjects/knitted-web/src/components/ui/select.tsx"
2025-10-21T13:39:59.387684Z  INFO scan_sources: tailwindcss_oxide::scanner: Discovering "/Users/maxwellcofie/WebstormProjects/knitted-web/src/components/ui/textarea.tsx"
2025-10-21T13:39:59.387691Z  INFO scan_sources: tailwindcss_oxide::scanner: Discovering "/Users/maxwellcofie/WebstormProjects/knitted-web/src/components/ui/input.tsx"
2025-10-21T13:39:59.387709Z  INFO scan_sources: tailwindcss_oxide::scanner: Discovering "/Users/maxwellcofie/WebstormProjects/knitted-web/src/components/settings"
2025-10-21T13:39:59.387727Z  INFO scan_sources: tailwindcss_oxide::scanner: Discovering "/Users/maxwellcofie/WebstormProjects/knitted-web/src/components/settings/SettingsForm.tsx"
2025-10-21T13:39:59.387736Z  INFO scan_sources: tailwindcss_oxide::scanner: Discovering "/Users/maxwellcofie/WebstormProjects/knitted-web/src/components/shell.tsx"
2025-10-21T13:39:59.387751Z  INFO scan_sources: tailwindcss_oxide::scanner: Discovering "/Users/maxwellcofie/WebstormProjects/knitted-web/src/components/landing"
2025-10-21T13:39:59.387770Z  INFO scan_sources: tailwindcss_oxide::scanner: Discovering "/Users/maxwellcofie/WebstormProjects/knitted-web/src/components/landing/hero.tsx"
2025-10-21T13:39:59.387777Z  INFO scan_sources: tailwindcss_oxide::scanner: Discovering "/Users/maxwellcofie/WebstormProjects/knitted-web/src/components/landing/features.tsx"
2025-10-21T13:39:59.387785Z  INFO scan_sources: tailwindcss_oxide::scanner: Discovering "/Users/maxwellcofie/WebstormProjects/knitted-web/src/components/landing/footer.tsx"
2025-10-21T13:39:59.387793Z  INFO scan_sources: tailwindcss_oxide::scanner: Discovering "/Users/maxwellcofie/WebstormProjects/knitted-web/src/components/brand-logo-uploader.tsx"
2025-10-21T13:39:59.387809Z  INFO scan_sources: tailwindcss_oxide::scanner: Discovering "/Users/maxwellcofie/WebstormProjects/knitted-web/src/components/modals"
2025-10-21T13:39:59.387827Z  INFO scan_sources: tailwindcss_oxide::scanner: Discovering "/Users/maxwellcofie/WebstormProjects/knitted-web/src/components/modals/create-order-dialog.tsx"
2025-10-21T13:39:59.387836Z  INFO scan_sources: tailwindcss_oxide::scanner: Discovering "/Users/maxwellcofie/WebstormProjects/knitted-web/src/components/modals/add-client-dialog.tsx"
2025-10-21T13:39:59.387845Z  INFO scan_sources: tailwindcss_oxide::scanner: Discovering "/Users/maxwellcofie/WebstormProjects/knitted-web/src/components/ClientTime.tsx"
2025-10-21T13:39:59.387864Z  INFO scan_sources: tailwindcss_oxide::scanner: Discovering "/Users/maxwellcofie/WebstormProjects/knitted-web/src/lib"
2025-10-21T13:39:59.387884Z  INFO scan_sources: tailwindcss_oxide::scanner: Discovering "/Users/maxwellcofie/WebstormProjects/knitted-web/src/lib/currencies.ts"
2025-10-21T13:39:59.387891Z  INFO scan_sources: tailwindcss_oxide::scanner: Discovering "/Users/maxwellcofie/WebstormProjects/knitted-web/src/lib/utils.ts"
2025-10-21T13:39:59.387907Z  INFO scan_sources: tailwindcss_oxide::scanner: Discovering "/Users/maxwellcofie/WebstormProjects/knitted-web/src/lib/utils"
2025-10-21T13:39:59.387923Z  INFO scan_sources: tailwindcss_oxide::scanner: Discovering "/Users/maxwellcofie/WebstormProjects/knitted-web/src/lib/utils/format.ts"
2025-10-21T13:39:59.387939Z  INFO scan_sources: tailwindcss_oxide::scanner: Discovering "/Users/maxwellcofie/WebstormProjects/knitted-web/src/lib/supabase"
2025-10-21T13:39:59.388814Z  INFO scan_sources: tailwindcss_oxide::scanner: Discovering "/Users/maxwellcofie/WebstormProjects/knitted-web/src/lib/supabase/browser.ts"
2025-10-21T13:39:59.388824Z  INFO scan_sources: tailwindcss_oxide::scanner: Discovering "/Users/maxwellcofie/WebstormProjects/knitted-web/src/lib/supabase/server.ts"
2025-10-21T13:39:59.388833Z  INFO scan_sources: tailwindcss_oxide::scanner: Discovering "/Users/maxwellcofie/WebstormProjects/knitted-web/src/lib/countries.ts"
2025-10-21T13:39:59.388865Z  INFO scan_sources: tailwindcss_oxide::scanner: exit
2025-10-21T13:39:59.388870Z  INFO extract_candidates: tailwindcss_oxide::scanner: enter
2025-10-21T13:39:59.388874Z  INFO extract_candidates:read_all_files: tailwindcss_oxide::scanner: enter
2025-10-21T13:39:59.388876Z  INFO extract_candidates:read_all_files: tailwindcss_oxide::scanner: Reading 73 file(s)
2025-10-21T13:39:59.389630Z  INFO tailwindcss_oxide::scanner: Reading "/Users/maxwellcofie/WebstormProjects/knitted-web/postcss.config.mjs"
2025-10-21T13:39:59.390064Z  INFO tailwindcss_oxide::scanner: Reading "/Users/maxwellcofie/WebstormProjects/knitted-web/next-env.d.ts"
2025-10-21T13:39:59.390237Z  INFO tailwindcss_oxide::scanner: Reading "/Users/maxwellcofie/WebstormProjects/knitted-web/README.md"
2025-10-21T13:39:59.390373Z  INFO tailwindcss_oxide::scanner: Reading "/Users/maxwellcofie/WebstormProjects/knitted-web/public/file.svg"
2025-10-21T13:39:59.390502Z  INFO tailwindcss_oxide::scanner: Reading "/Users/maxwellcofie/WebstormProjects/knitted-web/public/vercel.svg"
2025-10-21T13:39:59.390619Z  INFO tailwindcss_oxide::scanner: Reading "/Users/maxwellcofie/WebstormProjects/knitted-web/src/components/ui/button.tsx"
2025-10-21T13:39:59.390639Z  INFO tailwindcss_oxide::scanner: Reading "/Users/maxwellcofie/WebstormProjects/knitted-web/src/components/ui/select.tsx"
2025-10-21T13:39:59.390658Z  INFO tailwindcss_oxide::scanner: Reading "/Users/maxwellcofie/WebstormProjects/knitted-web/src/components/ui/textarea.tsx"
2025-10-21T13:39:59.390673Z  INFO tailwindcss_oxide::scanner: Reading "/Users/maxwellcofie/WebstormProjects/knitted-web/src/components/ui/input.tsx"
2025-10-21T13:39:59.390689Z  INFO tailwindcss_oxide::scanner: Reading "/Users/maxwellcofie/WebstormProjects/knitted-web/src/components/settings/SettingsForm.tsx"
2025-10-21T13:39:59.390706Z  INFO tailwindcss_oxide::scanner: Reading "/Users/maxwellcofie/WebstormProjects/knitted-web/src/components/shell.tsx"
2025-10-21T13:39:59.390720Z  INFO tailwindcss_oxide::scanner: Reading "/Users/maxwellcofie/WebstormProjects/knitted-web/src/components/landing/hero.tsx"
2025-10-21T13:39:59.390734Z  INFO tailwindcss_oxide::scanner: Reading "/Users/maxwellcofie/WebstormProjects/knitted-web/src/components/landing/features.tsx"
2025-10-21T13:39:59.390748Z  INFO tailwindcss_oxide::scanner: Reading "/Users/maxwellcofie/WebstormProjects/knitted-web/src/components/landing/footer.tsx"
2025-10-21T13:39:59.390784Z  INFO tailwindcss_oxide::scanner: Reading "/Users/maxwellcofie/WebstormProjects/knitted-web/src/app/(app)/orders/page.tsx"
2025-10-21T13:39:59.390802Z  INFO tailwindcss_oxide::scanner: Reading "/Users/maxwellcofie/WebstormProjects/knitted-web/src/app/(app)/reports/page.tsx"
2025-10-21T13:39:59.390817Z  INFO tailwindcss_oxide::scanner: Reading "/Users/maxwellcofie/WebstormProjects/knitted-web/src/app/layout.tsx"
2025-10-21T13:39:59.390831Z  INFO tailwindcss_oxide::scanner: Reading "/Users/maxwellcofie/WebstormProjects/knitted-web/src/app/(auth)/signup/page.tsx"
2025-10-21T13:39:59.390859Z  INFO tailwindcss_oxide::scanner: Reading "/Users/maxwellcofie/WebstormProjects/knitted-web/src/app/(auth)/login/page.tsx"
2025-10-21T13:39:59.390873Z  INFO tailwindcss_oxide::scanner: Reading "/Users/maxwellcofie/WebstormProjects/knitted-web/src/app/page.tsx"
2025-10-21T13:39:59.390903Z  INFO tailwindcss_oxide::scanner: Reading "/Users/maxwellcofie/WebstormProjects/knitted-web/src/components/ui/popover.tsx"
2025-10-21T13:39:59.390929Z  INFO tailwindcss_oxide::scanner: Reading "/Users/maxwellcofie/WebstormProjects/knitted-web/src/components/ui/page-loader.tsx"
2025-10-21T13:39:59.390962Z  INFO tailwindcss_oxide::scanner: Reading "/Users/maxwellcofie/WebstormProjects/knitted-web/src/components/ui/label.tsx"
2025-10-21T13:39:59.390959Z  INFO tailwindcss_oxide::scanner: Reading "/Users/maxwellcofie/WebstormProjects/knitted-web/src/app/(app)/clients/[id]/measurements.tsx"
2025-10-21T13:39:59.391017Z  INFO tailwindcss_oxide::scanner: Reading "/Users/maxwellcofie/WebstormProjects/knitted-web/package.json"
2025-10-21T13:39:59.391198Z  INFO tailwindcss_oxide::scanner: Reading "/Users/maxwellcofie/WebstormProjects/knitted-web/src/lib/utils.ts"
2025-10-21T13:39:59.391212Z  INFO tailwindcss_oxide::scanner: Reading "/Users/maxwellcofie/WebstormProjects/knitted-web/src/app/providers.tsx"
2025-10-21T13:39:59.391231Z  INFO tailwindcss_oxide::scanner: Reading "/Users/maxwellcofie/WebstormProjects/knitted-web/src/components/ui/alert-dialog.tsx"
2025-10-21T13:39:59.391248Z  INFO tailwindcss_oxide::scanner: Reading "/Users/maxwellcofie/WebstormProjects/knitted-web/src/components/ui/card.tsx"
2025-10-21T13:39:59.391292Z  INFO tailwindcss_oxide::scanner: Reading "/Users/maxwellcofie/WebstormProjects/knitted-web/src/app/(app)/clients/pager.tsx"
2025-10-21T13:39:59.391295Z  INFO tailwindcss_oxide::scanner: Reading "/Users/maxwellcofie/WebstormProjects/knitted-web/src/app/(app)/clients/[id]/create-messurement-button.tsx"
2025-10-21T13:39:59.391308Z  INFO tailwindcss_oxide::scanner: Reading "/Users/maxwellcofie/WebstormProjects/knitted-web/src/app/(app)/clients/page.tsx"
2025-10-21T13:39:59.391320Z  INFO tailwindcss_oxide::scanner: Reading "/Users/maxwellcofie/WebstormProjects/knitted-web/components.json"
2025-10-21T13:39:59.391325Z  INFO tailwindcss_oxide::scanner: Reading "/Users/maxwellcofie/WebstormProjects/knitted-web/src/app/(app)/settings/page.tsx"
2025-10-21T13:39:59.391338Z  INFO tailwindcss_oxide::scanner: Reading "/Users/maxwellcofie/WebstormProjects/knitted-web/tsconfig.json"
2025-10-21T13:39:59.391341Z  INFO tailwindcss_oxide::scanner: Reading "/Users/maxwellcofie/WebstormProjects/knitted-web/src/app/(app)/dashboard/page.tsx"
2025-10-21T13:39:59.391356Z  INFO tailwindcss_oxide::scanner: Reading "/Users/maxwellcofie/WebstormProjects/knitted-web/src/app/(app)/layout.tsx"
2025-10-21T13:39:59.391367Z  INFO tailwindcss_oxide::scanner: Reading "/Users/maxwellcofie/WebstormProjects/knitted-web/src/app/(app)/orders/[id]/share-button.tsx"
2025-10-21T13:39:59.391404Z  INFO tailwindcss_oxide::scanner: Reading "/Users/maxwellcofie/WebstormProjects/knitted-web/public/next.svg"
2025-10-21T13:39:59.391445Z  INFO tailwindcss_oxide::scanner: Reading "/Users/maxwellcofie/WebstormProjects/knitted-web/public/globe.svg"
2025-10-21T13:39:59.391484Z  INFO tailwindcss_oxide::scanner: Reading "/Users/maxwellcofie/WebstormProjects/knitted-web/public/window.svg"
2025-10-21T13:39:59.392596Z  INFO tailwindcss_oxide::scanner: Reading "/Users/maxwellcofie/WebstormProjects/knitted-web/src/app/(app)/orders/[id]/ready-at-picker.tsx"
2025-10-21T13:39:59.392615Z  INFO tailwindcss_oxide::scanner: Reading "/Users/maxwellcofie/WebstormProjects/knitted-web/src/app/(app)/orders/[id]/status-select.tsx"
2025-10-21T13:39:59.392632Z  INFO tailwindcss_oxide::scanner: Reading "/Users/maxwellcofie/WebstormProjects/knitted-web/src/app/(app)/orders/[id]/page.tsx"
2025-10-21T13:39:59.392693Z  INFO tailwindcss_oxide::scanner: Reading "/Users/maxwellcofie/WebstormProjects/knitted-web/eslint.config.mjs"
2025-10-21T13:39:59.392714Z  INFO tailwindcss_oxide::scanner: Reading "/Users/maxwellcofie/WebstormProjects/knitted-web/next.config.ts"
2025-10-21T13:39:59.392734Z  INFO tailwindcss_oxide::scanner: Reading "/Users/maxwellcofie/WebstormProjects/knitted-web/src/app/track/[token]/page.tsx"
2025-10-21T13:39:59.392858Z  INFO tailwindcss_oxide::scanner: Reading "/Users/maxwellcofie/WebstormProjects/knitted-web/src/app/(app)/orders/[id]/item-dialog.tsx"
2025-10-21T13:39:59.392874Z  INFO tailwindcss_oxide::scanner: Reading "/Users/maxwellcofie/WebstormProjects/knitted-web/src/app/(app)/orders/pager.tsx"
2025-10-21T13:39:59.392898Z  INFO tailwindcss_oxide::scanner: Reading "/Users/maxwellcofie/WebstormProjects/knitted-web/src/app/(app)/clients/ClientsPageActions.tsx"
2025-10-21T13:39:59.392916Z  INFO tailwindcss_oxide::scanner: Reading "/Users/maxwellcofie/WebstormProjects/knitted-web/src/app/(app)/clients/[id]/measurement-dialog.tsx"
2025-10-21T13:39:59.392931Z  INFO tailwindcss_oxide::scanner: Reading "/Users/maxwellcofie/WebstormProjects/knitted-web/src/lib/supabase/browser.ts"
2025-10-21T13:39:59.392944Z  INFO tailwindcss_oxide::scanner: Reading "/Users/maxwellcofie/WebstormProjects/knitted-web/src/lib/supabase/server.ts"
2025-10-21T13:39:59.392957Z  INFO tailwindcss_oxide::scanner: Reading "/Users/maxwellcofie/WebstormProjects/knitted-web/src/lib/countries.ts"
2025-10-21T13:39:59.392973Z  INFO tailwindcss_oxide::scanner: Reading "/Users/maxwellcofie/WebstormProjects/knitted-web/src/app/(app)/orders/[id]/attachments.tsx"
2025-10-21T13:39:59.392989Z  INFO tailwindcss_oxide::scanner: Reading "/Users/maxwellcofie/WebstormProjects/knitted-web/src/app/(app)/orders/[id]/payments.tsx"
2025-10-21T13:39:59.393006Z  INFO tailwindcss_oxide::scanner: Reading "/Users/maxwellcofie/WebstormProjects/knitted-web/src/components/modals/add-client-dialog.tsx"
2025-10-21T13:39:59.393075Z  INFO tailwindcss_oxide::scanner: Reading "/Users/maxwellcofie/WebstormProjects/knitted-web/src/components/ClientTime.tsx"
2025-10-21T13:39:59.393092Z  INFO tailwindcss_oxide::scanner: Reading "/Users/maxwellcofie/WebstormProjects/knitted-web/src/lib/currencies.ts"
2025-10-21T13:39:59.393109Z  INFO tailwindcss_oxide::scanner: Reading "/Users/maxwellcofie/WebstormProjects/knitted-web/src/components/modals/create-order-dialog.tsx"
2025-10-21T13:39:59.393127Z  INFO tailwindcss_oxide::scanner: Reading "/Users/maxwellcofie/WebstormProjects/knitted-web/src/app/(app)/clients/[id]/page.tsx"
2025-10-21T13:39:59.393315Z  INFO tailwindcss_oxide::scanner: Reading "/Users/maxwellcofie/WebstormProjects/knitted-web/src/components/ui/avatar.tsx"
2025-10-21T13:39:59.393424Z  INFO tailwindcss_oxide::scanner: Reading "/Users/maxwellcofie/WebstormProjects/knitted-web/src/components/ui/dialog.tsx"
2025-10-21T13:39:59.393463Z  INFO tailwindcss_oxide::scanner: Reading "/Users/maxwellcofie/WebstormProjects/knitted-web/src/components/ui/badge.tsx"
2025-10-21T13:39:59.393494Z  INFO tailwindcss_oxide::scanner: Reading "/Users/maxwellcofie/WebstormProjects/knitted-web/src/components/ui/table.tsx"
2025-10-21T13:39:59.393522Z  INFO tailwindcss_oxide::scanner: Reading "/Users/maxwellcofie/WebstormProjects/knitted-web/src/components/ui/separator.tsx"
2025-10-21T13:39:59.391489Z  INFO tailwindcss_oxide::scanner: Reading "/Users/maxwellcofie/WebstormProjects/knitted-web/src/app/(app)/clients/[id]/client-actions.tsx"
2025-10-21T13:39:59.391566Z  INFO tailwindcss_oxide::scanner: Reading "/Users/maxwellcofie/WebstormProjects/knitted-web/src/app/(app)/orders/[id]/items.tsx"
2025-10-21T13:39:59.390975Z  INFO tailwindcss_oxide::scanner: Reading "/Users/maxwellcofie/WebstormProjects/knitted-web/src/components/brand-logo-uploader.tsx"
2025-10-21T13:39:59.390983Z  INFO tailwindcss_oxide::scanner: Reading "/Users/maxwellcofie/WebstormProjects/knitted-web/src/components/ui/calendar.tsx"
2025-10-21T13:39:59.391033Z  INFO tailwindcss_oxide::scanner: Reading "/Users/maxwellcofie/WebstormProjects/knitted-web/public/manifest.json"
2025-10-21T13:39:59.391232Z  INFO tailwindcss_oxide::scanner: Reading "/Users/maxwellcofie/WebstormProjects/knitted-web/src/lib/utils/format.ts"
2025-10-21T13:39:59.393809Z  INFO tailwindcss_oxide::scanner: Reading "/Users/maxwellcofie/WebstormProjects/knitted-web/src/app/track/[token]/ics/route.ts"
2025-10-21T13:39:59.395453Z  INFO extract_candidates:read_all_files: tailwindcss_oxide::scanner: exit
2025-10-21T13:39:59.395466Z  INFO extract_candidates:parse_all_blobs: tailwindcss_oxide::scanner: enter
2025-10-21T13:39:59.395469Z  INFO extract_candidates:parse_all_blobs:extract: tailwindcss_oxide::scanner: enter
2025-10-21T13:39:59.398050Z  INFO extract_candidates:parse_all_blobs:extract: tailwindcss_oxide::scanner: exit
2025-10-21T13:39:59.398073Z  INFO extract_candidates:parse_all_blobs: tailwindcss_oxide::scanner: exit
2025-10-21T13:39:59.398077Z  INFO extract_candidates:read_all_files: tailwindcss_oxide::scanner: enter
2025-10-21T13:39:59.398080Z  INFO extract_candidates:read_all_files: tailwindcss_oxide::scanner: Reading 1 file(s)
2025-10-21T13:39:59.398129Z  INFO extract_candidates:read_all_files: tailwindcss_oxide::scanner: Reading "/Users/maxwellcofie/WebstormProjects/knitted-web/src/app/globals.css"
2025-10-21T13:39:59.398135Z  INFO extract_candidates:read_all_files: tailwindcss_oxide::scanner: exit
2025-10-21T13:39:59.398138Z  INFO extract_candidates:extract_css_variables: tailwindcss_oxide::scanner: enter
2025-10-21T13:39:59.398140Z  INFO extract_candidates:extract_css_variables:extract: tailwindcss_oxide::scanner: enter
2025-10-21T13:39:59.398259Z  INFO extract_candidates:extract_css_variables:extract: tailwindcss_oxide::scanner: exit
2025-10-21T13:39:59.398295Z  INFO extract_candidates:extract_css_variables: tailwindcss_oxide::scanner: exit
2025-10-21T13:39:59.398808Z  INFO extract_candidates: tailwindcss_oxide::scanner: exit
2025-10-21T13:39:59.400383Z  INFO get_files: tailwindcss_oxide::scanner: enter
2025-10-21T13:39:59.400402Z  INFO get_files:scan_sources: tailwindcss_oxide::scanner: enter
2025-10-21T13:39:59.400822Z  INFO get_files:scan_sources: tailwindcss_oxide::scanner: Discovering "/Users/maxwellcofie/WebstormProjects/knitted-web/public"
2025-10-21T13:39:59.401016Z  INFO get_files:scan_sources: tailwindcss_oxide::scanner: Discovering "/Users/maxwellcofie/WebstormProjects/knitted-web/src"
2025-10-21T13:39:59.401044Z  INFO get_files:scan_sources: tailwindcss_oxide::scanner: Discovering "/Users/maxwellcofie/WebstormProjects/knitted-web/src/app"
2025-10-21T13:39:59.401074Z  INFO get_files:scan_sources: tailwindcss_oxide::scanner: Discovering "/Users/maxwellcofie/WebstormProjects/knitted-web/src/app/track"
2025-10-21T13:39:59.401102Z  INFO get_files:scan_sources: tailwindcss_oxide::scanner: Discovering "/Users/maxwellcofie/WebstormProjects/knitted-web/src/app/track/[token]"
2025-10-21T13:39:59.401134Z  INFO get_files:scan_sources: tailwindcss_oxide::scanner: Discovering "/Users/maxwellcofie/WebstormProjects/knitted-web/src/app/track/[token]/ics"
2025-10-21T13:39:59.401165Z  INFO get_files:scan_sources: tailwindcss_oxide::scanner: Discovering "/Users/maxwellcofie/WebstormProjects/knitted-web/src/app/(app)"
2025-10-21T13:39:59.401192Z  INFO get_files:scan_sources: tailwindcss_oxide::scanner: Discovering "/Users/maxwellcofie/WebstormProjects/knitted-web/src/app/(app)/clients"
2025-10-21T13:39:59.401223Z  INFO get_files:scan_sources: tailwindcss_oxide::scanner: Discovering "/Users/maxwellcofie/WebstormProjects/knitted-web/src/app/(app)/clients/[id]"
2025-10-21T13:39:59.401283Z  INFO get_files:scan_sources: tailwindcss_oxide::scanner: Discovering "/Users/maxwellcofie/WebstormProjects/knitted-web/src/app/(app)/settings"
2025-10-21T13:39:59.401312Z  INFO get_files:scan_sources: tailwindcss_oxide::scanner: Discovering "/Users/maxwellcofie/WebstormProjects/knitted-web/src/app/(app)/dashboard"
2025-10-21T13:39:59.401345Z  INFO get_files:scan_sources: tailwindcss_oxide::scanner: Discovering "/Users/maxwellcofie/WebstormProjects/knitted-web/src/app/(app)/orders"
2025-10-21T13:39:59.401369Z  INFO get_files:scan_sources: tailwindcss_oxide::scanner: Discovering "/Users/maxwellcofie/WebstormProjects/knitted-web/src/app/(app)/orders/[id]"
2025-10-21T13:39:59.401440Z  INFO get_files:scan_sources: tailwindcss_oxide::scanner: Discovering "/Users/maxwellcofie/WebstormProjects/knitted-web/src/app/(app)/reports"
2025-10-21T13:39:59.401471Z  INFO get_files:scan_sources: tailwindcss_oxide::scanner: Discovering "/Users/maxwellcofie/WebstormProjects/knitted-web/src/app/(auth)"
2025-10-21T13:39:59.401495Z  INFO get_files:scan_sources: tailwindcss_oxide::scanner: Discovering "/Users/maxwellcofie/WebstormProjects/knitted-web/src/app/(auth)/signup"
2025-10-21T13:39:59.401663Z  INFO get_files:scan_sources: tailwindcss_oxide::scanner: Discovering "/Users/maxwellcofie/WebstormProjects/knitted-web/src/app/(auth)/login"
2025-10-21T13:39:59.402391Z  INFO get_files:scan_sources: tailwindcss_oxide::scanner: Discovering "/Users/maxwellcofie/WebstormProjects/knitted-web/src/components"
2025-10-21T13:39:59.402422Z  INFO get_files:scan_sources: tailwindcss_oxide::scanner: Discovering "/Users/maxwellcofie/WebstormProjects/knitted-web/src/components/ui"
2025-10-21T13:39:59.402517Z  INFO get_files:scan_sources: tailwindcss_oxide::scanner: Discovering "/Users/maxwellcofie/WebstormProjects/knitted-web/src/components/settings"
2025-10-21T13:39:59.402551Z  INFO get_files:scan_sources: tailwindcss_oxide::scanner: Discovering "/Users/maxwellcofie/WebstormProjects/knitted-web/src/components/landing"
2025-10-21T13:39:59.402593Z  INFO get_files:scan_sources: tailwindcss_oxide::scanner: Discovering "/Users/maxwellcofie/WebstormProjects/knitted-web/src/components/modals"
2025-10-21T13:39:59.402630Z  INFO get_files:scan_sources: tailwindcss_oxide::scanner: Discovering "/Users/maxwellcofie/WebstormProjects/knitted-web/src/lib"
2025-10-21T13:39:59.402663Z  INFO get_files:scan_sources: tailwindcss_oxide::scanner: Discovering "/Users/maxwellcofie/WebstormProjects/knitted-web/src/lib/utils"
2025-10-21T13:39:59.402690Z  INFO get_files:scan_sources: tailwindcss_oxide::scanner: Discovering "/Users/maxwellcofie/WebstormProjects/knitted-web/src/lib/supabase"
2025-10-21T13:39:59.402739Z  INFO get_files:scan_sources: tailwindcss_oxide::scanner: exit
2025-10-21T13:39:59.404575Z  INFO get_files: tailwindcss_oxide::scanner: exit
2025-10-21T13:39:59.404697Z  INFO get_globs: tailwindcss_oxide::scanner: enter
2025-10-21T13:39:59.404701Z  INFO get_globs:scan_sources: tailwindcss_oxide::scanner: enter
2025-10-21T13:39:59.405033Z  INFO get_globs:scan_sources: tailwindcss_oxide::scanner: Discovering "/Users/maxwellcofie/WebstormProjects/knitted-web/public"
2025-10-21T13:39:59.405208Z  INFO get_globs:scan_sources: tailwindcss_oxide::scanner: Discovering "/Users/maxwellcofie/WebstormProjects/knitted-web/src"
2025-10-21T13:39:59.405233Z  INFO get_globs:scan_sources: tailwindcss_oxide::scanner: Discovering "/Users/maxwellcofie/WebstormProjects/knitted-web/src/app"
2025-10-21T13:39:59.405260Z  INFO get_globs:scan_sources: tailwindcss_oxide::scanner: Discovering "/Users/maxwellcofie/WebstormProjects/knitted-web/src/app/track"
2025-10-21T13:39:59.405285Z  INFO get_globs:scan_sources: tailwindcss_oxide::scanner: Discovering "/Users/maxwellcofie/WebstormProjects/knitted-web/src/app/track/[token]"
2025-10-21T13:39:59.405316Z  INFO get_globs:scan_sources: tailwindcss_oxide::scanner: Discovering "/Users/maxwellcofie/WebstormProjects/knitted-web/src/app/track/[token]/ics"
2025-10-21T13:39:59.405346Z  INFO get_globs:scan_sources: tailwindcss_oxide::scanner: Discovering "/Users/maxwellcofie/WebstormProjects/knitted-web/src/app/(app)"
2025-10-21T13:39:59.405371Z  INFO get_globs:scan_sources: tailwindcss_oxide::scanner: Discovering "/Users/maxwellcofie/WebstormProjects/knitted-web/src/app/(app)/clients"
2025-10-21T13:39:59.405400Z  INFO get_globs:scan_sources: tailwindcss_oxide::scanner: Discovering "/Users/maxwellcofie/WebstormProjects/knitted-web/src/app/(app)/clients/[id]"
2025-10-21T13:39:59.405457Z  INFO get_globs:scan_sources: tailwindcss_oxide::scanner: Discovering "/Users/maxwellcofie/WebstormProjects/knitted-web/src/app/(app)/settings"
2025-10-21T13:39:59.405486Z  INFO get_globs:scan_sources: tailwindcss_oxide::scanner: Discovering "/Users/maxwellcofie/WebstormProjects/knitted-web/src/app/(app)/dashboard"
2025-10-21T13:39:59.405518Z  INFO get_globs:scan_sources: tailwindcss_oxide::scanner: Discovering "/Users/maxwellcofie/WebstormProjects/knitted-web/src/app/(app)/orders"
2025-10-21T13:39:59.405542Z  INFO get_globs:scan_sources: tailwindcss_oxide::scanner: Discovering "/Users/maxwellcofie/WebstormProjects/knitted-web/src/app/(app)/orders/[id]"
2025-10-21T13:39:59.405612Z  INFO get_globs:scan_sources: tailwindcss_oxide::scanner: Discovering "/Users/maxwellcofie/WebstormProjects/knitted-web/src/app/(app)/reports"
2025-10-21T13:39:59.405654Z  INFO get_globs:scan_sources: tailwindcss_oxide::scanner: Discovering "/Users/maxwellcofie/WebstormProjects/knitted-web/src/app/(auth)"
2025-10-21T13:39:59.405677Z  INFO get_globs:scan_sources: tailwindcss_oxide::scanner: Discovering "/Users/maxwellcofie/WebstormProjects/knitted-web/src/app/(auth)/signup"
2025-10-21T13:39:59.405704Z  INFO get_globs:scan_sources: tailwindcss_oxide::scanner: Discovering "/Users/maxwellcofie/WebstormProjects/knitted-web/src/app/(auth)/login"
2025-10-21T13:39:59.405806Z  INFO get_globs:scan_sources: tailwindcss_oxide::scanner: Discovering "/Users/maxwellcofie/WebstormProjects/knitted-web/src/components"
2025-10-21T13:39:59.405940Z  INFO get_globs:scan_sources: tailwindcss_oxide::scanner: Discovering "/Users/maxwellcofie/WebstormProjects/knitted-web/src/components/ui"
2025-10-21T13:39:59.406141Z  INFO get_globs:scan_sources: tailwindcss_oxide::scanner: Discovering "/Users/maxwellcofie/WebstormProjects/knitted-web/src/components/settings"
2025-10-21T13:39:59.406350Z  INFO get_globs:scan_sources: tailwindcss_oxide::scanner: Discovering "/Users/maxwellcofie/WebstormProjects/knitted-web/src/components/landing"
2025-10-21T13:39:59.406460Z  INFO get_globs:scan_sources: tailwindcss_oxide::scanner: Discovering "/Users/maxwellcofie/WebstormProjects/knitted-web/src/components/modals"
2025-10-21T13:39:59.406546Z  INFO get_globs:scan_sources: tailwindcss_oxide::scanner: Discovering "/Users/maxwellcofie/WebstormProjects/knitted-web/src/lib"
2025-10-21T13:39:59.406613Z  INFO get_globs:scan_sources: tailwindcss_oxide::scanner: Discovering "/Users/maxwellcofie/WebstormProjects/knitted-web/src/lib/utils"
2025-10-21T13:39:59.406669Z  INFO get_globs:scan_sources: tailwindcss_oxide::scanner: Discovering "/Users/maxwellcofie/WebstormProjects/knitted-web/src/lib/supabase"
2025-10-21T13:39:59.406764Z  INFO get_globs:scan_sources: tailwindcss_oxide::scanner: exit
2025-10-21T13:39:59.409819Z  INFO get_globs: tailwindcss_oxide::scanner: exit
